26/10/16 11:30:36 PM | ERROR: [2] require_once(view/inc/404.php): failed to open stream: No such file or directory
Warning on line 27 in file /home/ubuntu/workspace/Framework/utils/common.inc.php
 | products_frontend | response 200
26/10/16 11:32:34 PM | ERROR: [2] require_once(view/inc/404.php): failed to open stream: No such file or directory
Warning on line 27 in file /home/ubuntu/workspace/Framework/utils/common.inc.php
 | products_frontend | response 200
26/10/16 11:38:56 PM | ERROR: [2] require(/home/ubuntu/workspace/Framework/modules/products_frontend/model/DAO/products_dao.class.singleton.php): failed to open stream: No such file or directory
Warning on line 4 in file /home/ubuntu/workspace/Framework/modules/products_frontend/model/BLL/products_bll.class.singleton.php
 | products_frontend | response 200
26/10/16 11:39:21 PM | ERROR: [2] require(/home/ubuntu/workspace/Framework/modules/products_frontend/model/DAO/products_dao.class.singleton.php): failed to open stream: No such file or directory
Warning on line 4 in file /home/ubuntu/workspace/Framework/modules/products_frontend/model/BLL/products_bll.class.singleton.php
 | products_frontend | response 200
26/10/16 11:40:27 PM | ERROR: [8] Constant SITE_ROOT already defined
Notice on line 3 in file /home/ubuntu/workspace/Framework/model/Conf.class.singleton.php
 | products_frontend | response 200
26/10/16 11:40:27 PM | ERROR: [8] Constant MODEL_PATH already defined
Notice on line 4 in file /home/ubuntu/workspace/Framework/model/Conf.class.singleton.php
 | products_frontend | response 200
26/10/16 11:45:45 PM | ERROR: [8] Constant SITE_ROOT already defined
Notice on line 3 in file /home/ubuntu/workspace/Framework/model/Conf.class.singleton.php
 | products_frontend | response 200
26/10/16 11:45:45 PM | ERROR: [8] Constant MODEL_PATH already defined
Notice on line 4 in file /home/ubuntu/workspace/Framework/model/Conf.class.singleton.php
 | products_frontend | response 200
26/10/16 11:45:54 PM | ERROR: [8] Constant SITE_ROOT already defined
Notice on line 3 in file /home/ubuntu/workspace/Framework/model/Conf.class.singleton.php
 | products_frontend | response 200
26/10/16 11:45:54 PM | ERROR: [8] Constant MODEL_PATH already defined
Notice on line 4 in file /home/ubuntu/workspace/Framework/model/Conf.class.singleton.php
 | products_frontend | response 200
26/10/16 11:46:30 PM | ERROR: [8] Constant SITE_ROOT already defined
Notice on line 3 in file /home/ubuntu/workspace/Framework/model/Conf.class.singleton.php
 | products_frontend | response 200
26/10/16 11:46:30 PM | ERROR: [8] Constant MODEL_PATH already defined
Notice on line 4 in file /home/ubuntu/workspace/Framework/model/Conf.class.singleton.php
 | products_frontend | response 200
26/10/16 11:47:10 PM | ERROR: [8] Constant SITE_ROOT already defined
Notice on line 3 in file /home/ubuntu/workspace/Framework/model/Conf.class.singleton.php
 | products_frontend | response 200
26/10/16 11:47:10 PM | ERROR: [8] Constant MODEL_PATH already defined
Notice on line 4 in file /home/ubuntu/workspace/Framework/model/Conf.class.singleton.php
 | products_frontend | response 200
26/10/16 11:47:50 PM | ERROR: [8] Constant SITE_ROOT already defined
Notice on line 3 in file /home/ubuntu/workspace/Framework/model/Conf.class.singleton.php
 | products_frontend | response 200
26/10/16 11:47:50 PM | ERROR: [8] Constant MODEL_PATH already defined
Notice on line 4 in file /home/ubuntu/workspace/Framework/model/Conf.class.singleton.php
 | products_frontend | response 200
26/10/16 11:48:32 PM | ERROR: [8] Constant SITE_ROOT already defined
Notice on line 3 in file /home/ubuntu/workspace/Framework/model/Conf.class.singleton.php
 | products_frontend | response 200
26/10/16 11:48:32 PM | ERROR: [8] Constant MODEL_PATH already defined
Notice on line 4 in file /home/ubuntu/workspace/Framework/model/Conf.class.singleton.php
 | products_frontend | response 200
