ERROR: [2] require_once(view/inc/404.php): failed to open stream: No such file or directory
Warning on line 27 in file /home/ubuntu/workspace/Framework/utils/common.inc.php
 | 26.10.2016 11:30:36  |  User:   | products_frontend | response 200
ERROR: [2] require_once(view/inc/404.php): failed to open stream: No such file or directory
Warning on line 27 in file /home/ubuntu/workspace/Framework/utils/common.inc.php
 | 26.10.2016 11:32:34  |  User:   | products_frontend | response 200
ERROR: [2] require(/home/ubuntu/workspace/Framework/modules/products_frontend/model/DAO/products_dao.class.singleton.php): failed to open stream: No such file or directory
Warning on line 4 in file /home/ubuntu/workspace/Framework/modules/products_frontend/model/BLL/products_bll.class.singleton.php
 | 26.10.2016 11:38:56  |  User:   | products_frontend | response 200
ERROR: [2] require(/home/ubuntu/workspace/Framework/modules/products_frontend/model/DAO/products_dao.class.singleton.php): failed to open stream: No such file or directory
Warning on line 4 in file /home/ubuntu/workspace/Framework/modules/products_frontend/model/BLL/products_bll.class.singleton.php
 | 26.10.2016 11:39:21  |  User:   | products_frontend | response 200
ERROR: [8] Constant SITE_ROOT already defined
Notice on line 3 in file /home/ubuntu/workspace/Framework/model/Conf.class.singleton.php
 | 26.10.2016 11:40:27  |  User:   | products_frontend | response 200
ERROR: [8] Constant MODEL_PATH already defined
Notice on line 4 in file /home/ubuntu/workspace/Framework/model/Conf.class.singleton.php
 | 26.10.2016 11:40:27  |  User:   | products_frontend | response 200
ERROR: [8] Constant SITE_ROOT already defined
Notice on line 3 in file /home/ubuntu/workspace/Framework/model/Conf.class.singleton.php
 | 26.10.2016 11:45:45  |  User:   | products_frontend | response 200
ERROR: [8] Constant MODEL_PATH already defined
Notice on line 4 in file /home/ubuntu/workspace/Framework/model/Conf.class.singleton.php
 | 26.10.2016 11:45:45  |  User:   | products_frontend | response 200
ERROR: [8] Constant SITE_ROOT already defined
Notice on line 3 in file /home/ubuntu/workspace/Framework/model/Conf.class.singleton.php
 | 26.10.2016 11:45:54  |  User:   | products_frontend | response 200
ERROR: [8] Constant MODEL_PATH already defined
Notice on line 4 in file /home/ubuntu/workspace/Framework/model/Conf.class.singleton.php
 | 26.10.2016 11:45:54  |  User:   | products_frontend | response 200
ERROR: [8] Constant SITE_ROOT already defined
Notice on line 3 in file /home/ubuntu/workspace/Framework/model/Conf.class.singleton.php
 | 26.10.2016 11:46:30  |  User:   | products_frontend | response 200
ERROR: [8] Constant MODEL_PATH already defined
Notice on line 4 in file /home/ubuntu/workspace/Framework/model/Conf.class.singleton.php
 | 26.10.2016 11:46:30  |  User:   | products_frontend | response 200
ERROR: [8] Constant SITE_ROOT already defined
Notice on line 3 in file /home/ubuntu/workspace/Framework/model/Conf.class.singleton.php
 | 26.10.2016 11:47:10  |  User:   | products_frontend | response 200
ERROR: [8] Constant MODEL_PATH already defined
Notice on line 4 in file /home/ubuntu/workspace/Framework/model/Conf.class.singleton.php
 | 26.10.2016 11:47:10  |  User:   | products_frontend | response 200
ERROR: [8] Constant SITE_ROOT already defined
Notice on line 3 in file /home/ubuntu/workspace/Framework/model/Conf.class.singleton.php
 | 26.10.2016 11:47:50  |  User:   | products_frontend | response 200
ERROR: [8] Constant MODEL_PATH already defined
Notice on line 4 in file /home/ubuntu/workspace/Framework/model/Conf.class.singleton.php
 | 26.10.2016 11:47:50  |  User:   | products_frontend | response 200
ERROR: [8] Constant SITE_ROOT already defined
Notice on line 3 in file /home/ubuntu/workspace/Framework/model/Conf.class.singleton.php
 | 26.10.2016 11:48:32  |  User:   | products_frontend | response 200
ERROR: [8] Constant MODEL_PATH already defined
Notice on line 4 in file /home/ubuntu/workspace/Framework/model/Conf.class.singleton.php
 | 26.10.2016 11:48:32  |  User:   | products_frontend | response 200
ERROR: [8] Constant SITE_ROOT already defined
Notice on line 3 in file /home/ubuntu/workspace/Framework/model/Conf.class.singleton.php
 | 27.10.2016 12:03:48  |  User:   | products_frontend | response 200
ERROR: [8] Constant MODEL_PATH already defined
Notice on line 4 in file /home/ubuntu/workspace/Framework/model/Conf.class.singleton.php
 | 27.10.2016 12:03:48  |  User:   | products_frontend | response 200
ERROR: [8] Constant SITE_ROOT already defined
Notice on line 3 in file /home/ubuntu/workspace/Framework/model/Conf.class.singleton.php
 | 27.10.2016 12:40:05  |  User:   | products_frontend | response 200
ERROR: [8] Constant MODEL_PATH already defined
Notice on line 4 in file /home/ubuntu/workspace/Framework/model/Conf.class.singleton.php
 | 27.10.2016 12:40:05  |  User:   | products_frontend | response 200
ERROR: [8] Constant SITE_ROOT already defined
Notice on line 3 in file /home/ubuntu/workspace/Framework/model/Conf.class.singleton.php
 | 27.10.2016 12:40:19  |  User:   | products_frontend | response 200
ERROR: [8] Constant MODEL_PATH already defined
Notice on line 4 in file /home/ubuntu/workspace/Framework/model/Conf.class.singleton.php
 | 27.10.2016 12:40:19  |  User:   | products_frontend | response 200
ERROR: [8] Constant SITE_ROOT already defined
Notice on line 3 in file /home/ubuntu/workspace/Framework/model/Conf.class.singleton.php
 | 27.10.2016 12:40:29  |  User:   | products_frontend | response 200
ERROR: [8] Constant MODEL_PATH already defined
Notice on line 4 in file /home/ubuntu/workspace/Framework/model/Conf.class.singleton.php
 | 27.10.2016 12:40:29  |  User:   | products_frontend | response 200
ERROR: [8] Constant SITE_ROOT already defined
Notice on line 3 in file /home/ubuntu/workspace/Framework/model/Conf.class.singleton.php
 | 27.10.2016 12:47:02  |  User:   | products_frontend | response 200
ERROR: [8] Constant MODEL_PATH already defined
Notice on line 4 in file /home/ubuntu/workspace/Framework/model/Conf.class.singleton.php
 | 27.10.2016 12:47:02  |  User:   | products_frontend | response 200
ERROR: [8] Constant SITE_ROOT already defined
Notice on line 3 in file /home/ubuntu/workspace/Framework/model/Conf.class.singleton.php
 | 27.10.2016 12:49:04  |  User:   | products_frontend | response 200
ERROR: [8] Constant MODEL_PATH already defined
Notice on line 4 in file /home/ubuntu/workspace/Framework/model/Conf.class.singleton.php
 | 27.10.2016 12:49:04  |  User:   | products_frontend | response 200
ERROR: [8] Constant SITE_ROOT already defined
Notice on line 3 in file /home/ubuntu/workspace/Framework/model/Conf.class.singleton.php
 | 27.10.2016 12:49:13  |  User:   | products_frontend | response 200
ERROR: [8] Constant MODEL_PATH already defined
Notice on line 4 in file /home/ubuntu/workspace/Framework/model/Conf.class.singleton.php
 | 27.10.2016 12:49:13  |  User:   | products_frontend | response 200
ERROR: [8] Constant SITE_ROOT already defined
Notice on line 3 in file /home/ubuntu/workspace/Framework/model/Conf.class.singleton.php
 | 27.10.2016 12:49:55  |  User:   | products_frontend | response 200
ERROR: [8] Constant MODEL_PATH already defined
Notice on line 4 in file /home/ubuntu/workspace/Framework/model/Conf.class.singleton.php
 | 27.10.2016 12:49:55  |  User:   | products_frontend | response 200
ERROR: [8] Constant SITE_ROOT already defined
Notice on line 3 in file /home/ubuntu/workspace/Framework/model/Conf.class.singleton.php
 | 27.10.2016 12:50:50  |  User:   | products_frontend | response 200
ERROR: [8] Constant MODEL_PATH already defined
Notice on line 4 in file /home/ubuntu/workspace/Framework/model/Conf.class.singleton.php
 | 27.10.2016 12:50:50  |  User:   | products_frontend | response 200
ERROR: [8] Constant SITE_ROOT already defined
Notice on line 3 in file /home/ubuntu/workspace/Framework/model/Conf.class.singleton.php
 | 27.10.2016 12:52:12  |  User:   | products_frontend | response 200
ERROR: [8] Constant MODEL_PATH already defined
Notice on line 4 in file /home/ubuntu/workspace/Framework/model/Conf.class.singleton.php
 | 27.10.2016 12:52:12  |  User:   | products_frontend | response 200
ERROR: [8] Constant SITE_ROOT already defined
Notice on line 3 in file /home/ubuntu/workspace/Framework/model/Conf.class.singleton.php
 | 27.10.2016 12:53:08  |  User:   | products_frontend | response 200
ERROR: [8] Constant MODEL_PATH already defined
Notice on line 4 in file /home/ubuntu/workspace/Framework/model/Conf.class.singleton.php
 | 27.10.2016 12:53:08  |  User:   | products_frontend | response 200
ERROR: [8] Constant SITE_ROOT already defined
Notice on line 3 in file /home/ubuntu/workspace/Framework/model/Conf.class.singleton.php
 | 27.10.2016 12:53:26  |  User:   | products_frontend | response 200
ERROR: [8] Constant MODEL_PATH already defined
Notice on line 4 in file /home/ubuntu/workspace/Framework/model/Conf.class.singleton.php
 | 27.10.2016 12:53:26  |  User:   | products_frontend | response 200
ERROR: [8] Constant SITE_ROOT already defined
Notice on line 3 in file /home/ubuntu/workspace/Framework/model/Conf.class.singleton.php
 | 27.10.2016 03:05:58  |  User:   | products_frontend | response 200
ERROR: [8] Constant MODEL_PATH already defined
Notice on line 4 in file /home/ubuntu/workspace/Framework/model/Conf.class.singleton.php
 | 27.10.2016 03:05:58  |  User:   | products_frontend | response 200
ERROR: [8] Constant SITE_ROOT already defined
Notice on line 3 in file /home/ubuntu/workspace/Framework/model/Conf.class.singleton.php
 | 27.10.2016 03:19:51  |  User:   | products_frontend | response 200
ERROR: [8] Constant MODEL_PATH already defined
Notice on line 4 in file /home/ubuntu/workspace/Framework/model/Conf.class.singleton.php
 | 27.10.2016 03:19:51  |  User:   | products_frontend | response 200
ERROR: [8] Constant SITE_ROOT already defined
Notice on line 3 in file /home/ubuntu/workspace/Framework/model/Conf.class.singleton.php
 | 27.10.2016 03:23:09  |  User:   | products_frontend | response 200
ERROR: [8] Constant MODEL_PATH already defined
Notice on line 4 in file /home/ubuntu/workspace/Framework/model/Conf.class.singleton.php
 | 27.10.2016 03:23:09  |  User:   | products_frontend | response 200
ERROR: [8] Constant SITE_ROOT already defined
Notice on line 3 in file /home/ubuntu/workspace/Framework/model/Conf.class.singleton.php
 | 27.10.2016 03:23:26  |  User:   | products_frontend | response 200
ERROR: [8] Constant MODEL_PATH already defined
Notice on line 4 in file /home/ubuntu/workspace/Framework/model/Conf.class.singleton.php
 | 27.10.2016 03:23:26  |  User:   | products_frontend | response 200
ERROR: [8] Constant SITE_ROOT already defined
Notice on line 3 in file /home/ubuntu/workspace/Framework/model/Conf.class.singleton.php
 | 27.10.2016 10:16:28  |  User:   | products_frontend | response 200
ERROR: [8] Constant MODEL_PATH already defined
Notice on line 4 in file /home/ubuntu/workspace/Framework/model/Conf.class.singleton.php
 | 27.10.2016 10:16:28  |  User:   | products_frontend | response 200
ERROR: [8] Constant SITE_ROOT already defined
Notice on line 3 in file /home/ubuntu/workspace/Framework/model/Conf.class.singleton.php
 | 27.10.2016 11:17:50  |  User:   | products_frontend | response 200
ERROR: [8] Constant MODEL_PATH already defined
Notice on line 4 in file /home/ubuntu/workspace/Framework/model/Conf.class.singleton.php
 | 27.10.2016 11:17:50  |  User:   | products_frontend | response 200
ERROR: [8] Constant SITE_ROOT already defined
Notice on line 3 in file /home/ubuntu/workspace/Framework/model/Conf.class.singleton.php
 | 27.10.2016 11:18:01  |  User:   | products_frontend | response 200
ERROR: [8] Constant MODEL_PATH already defined
Notice on line 4 in file /home/ubuntu/workspace/Framework/model/Conf.class.singleton.php
 | 27.10.2016 11:18:01  |  User:   | products_frontend | response 200
ERROR: [8] Constant SITE_ROOT already defined
Notice on line 3 in file /home/ubuntu/workspace/Framework/model/Conf.class.singleton.php
 | 27.10.2016 11:31:12  |  User:   | products_frontend | response 200
ERROR: [8] Constant MODEL_PATH already defined
Notice on line 4 in file /home/ubuntu/workspace/Framework/model/Conf.class.singleton.php
 | 27.10.2016 11:31:12  |  User:   | products_frontend | response 200
ERROR: [8] Constant SITE_ROOT already defined
Notice on line 3 in file /home/ubuntu/workspace/Framework/model/Conf.class.singleton.php
 | 27.10.2016 12:24:46  |  User:   | products_frontend | response 200
ERROR: [8] Constant MODEL_PATH already defined
Notice on line 4 in file /home/ubuntu/workspace/Framework/model/Conf.class.singleton.php
 | 27.10.2016 12:24:46  |  User:   | products_frontend | response 200
ERROR: [8] Constant SITE_ROOT already defined
Notice on line 3 in file /home/ubuntu/workspace/Framework/model/Conf.class.singleton.php
 | 27.10.2016 12:25:42  |  User:   | products_frontend | response 200
ERROR: [8] Constant MODEL_PATH already defined
Notice on line 4 in file /home/ubuntu/workspace/Framework/model/Conf.class.singleton.php
 | 27.10.2016 12:25:42  |  User:   | products_frontend | response 200
ERROR: [8] Constant SITE_ROOT already defined
Notice on line 3 in file /home/ubuntu/workspace/Framework/model/Conf.class.singleton.php
 | 27.10.2016 12:39:55  |  User:   | products_frontend | response 200
ERROR: [8] Constant MODEL_PATH already defined
Notice on line 4 in file /home/ubuntu/workspace/Framework/model/Conf.class.singleton.php
 | 27.10.2016 12:39:55  |  User:   | products_frontend | response 200
ERROR: [8] Constant SITE_ROOT already defined
Notice on line 3 in file /home/ubuntu/workspace/Framework/model/Conf.class.singleton.php
 | 27.10.2016 02:10:26  |  User:   | products_frontend | response 200
ERROR: [8] Constant MODEL_PATH already defined
Notice on line 4 in file /home/ubuntu/workspace/Framework/model/Conf.class.singleton.php
 | 27.10.2016 02:10:26  |  User:   | products_frontend | response 200
ERROR: [8] Constant SITE_ROOT already defined
Notice on line 3 in file /home/ubuntu/workspace/Framework/model/Conf.class.singleton.php
 | 27.10.2016 03:20:29  |  User:   | products_frontend | response 200
ERROR: [8] Constant MODEL_PATH already defined
Notice on line 4 in file /home/ubuntu/workspace/Framework/model/Conf.class.singleton.php
 | 27.10.2016 03:20:29  |  User:   | products_frontend | response 200
ERROR: [8] Constant SITE_ROOT already defined
Notice on line 3 in file /home/ubuntu/workspace/Framework/modules/products/model/model/products_model.class.singleton.php
 | 27.10.2016 03:20:30  |  User:   | products_frontend | response 200
ERROR: [8] Constant SITE_ROOT already defined
Notice on line 3 in file /home/ubuntu/workspace/Framework/modules/products/model/BLL/products_bll.class.singleton.php
 | 27.10.2016 03:20:30  |  User:   | products_frontend | response 200
ERROR: [2] require_once(view/inc/404.php): failed to open stream: No such file or directory
Warning on line 14 in file /home/ubuntu/workspace/Framework/utils/common.inc.php
 | 27.10.2016 03:20:30  |  User:   | products_frontend | response 200
ERROR: [8] Constant SITE_ROOT already defined
Notice on line 3 in file /home/ubuntu/workspace/Framework/model/Conf.class.singleton.php
 | 27.10.2016 03:22:03  |  User:   | products_frontend | response 200
ERROR: [8] Constant MODEL_PATH already defined
Notice on line 4 in file /home/ubuntu/workspace/Framework/model/Conf.class.singleton.php
 | 27.10.2016 03:22:03  |  User:   | products_frontend | response 200
ERROR: [8] Constant SITE_ROOT already defined
Notice on line 3 in file /home/ubuntu/workspace/Framework/modules/products/model/model/products_model.class.singleton.php
 | 27.10.2016 03:22:04  |  User:   | products_frontend | response 200
ERROR: [8] Constant SITE_ROOT already defined
Notice on line 3 in file /home/ubuntu/workspace/Framework/modules/products/model/BLL/products_bll.class.singleton.php
 | 27.10.2016 03:22:04  |  User:   | products_frontend | response 200
ERROR: [8] Constant SITE_ROOT already defined
Notice on line 3 in file /home/ubuntu/workspace/Framework/model/Conf.class.singleton.php
 | 27.10.2016 03:26:56  |  User:   | products_frontend | response 200
ERROR: [8] Constant MODEL_PATH already defined
Notice on line 4 in file /home/ubuntu/workspace/Framework/model/Conf.class.singleton.php
 | 27.10.2016 03:26:56  |  User:   | products_frontend | response 200
ERROR: [8] Constant SITE_ROOT already defined
Notice on line 3 in file /home/ubuntu/workspace/Framework/model/Conf.class.singleton.php
 | 27.10.2016 03:26:56  |  User:   | products_frontend | response 200
ERROR: [8] Constant MODEL_PATH already defined
Notice on line 4 in file /home/ubuntu/workspace/Framework/model/Conf.class.singleton.php
 | 27.10.2016 03:26:56  |  User:   | products_frontend | response 200
ERROR: [8] Constant SITE_ROOT already defined
Notice on line 3 in file /home/ubuntu/workspace/Framework/model/Conf.class.singleton.php
 | 27.10.2016 03:27:32  |  User:   | products_frontend | response 200
ERROR: [8] Constant MODEL_PATH already defined
Notice on line 4 in file /home/ubuntu/workspace/Framework/model/Conf.class.singleton.php
 | 27.10.2016 03:27:32  |  User:   | products_frontend | response 200
ERROR: [8] Constant SITE_ROOT already defined
Notice on line 3 in file /home/ubuntu/workspace/Framework/model/Conf.class.singleton.php
 | 27.10.2016 03:27:59  |  User:   | products_frontend | response 200
ERROR: [8] Constant MODEL_PATH already defined
Notice on line 4 in file /home/ubuntu/workspace/Framework/model/Conf.class.singleton.php
 | 27.10.2016 03:27:59  |  User:   | products_frontend | response 200
ERROR: [8] Constant SITE_ROOT already defined
Notice on line 3 in file /home/ubuntu/workspace/Framework/model/Conf.class.singleton.php
 | 27.10.2016 03:30:15  |  User:   | products_frontend | response 200
ERROR: [8] Constant MODEL_PATH already defined
Notice on line 4 in file /home/ubuntu/workspace/Framework/model/Conf.class.singleton.php
 | 27.10.2016 03:30:15  |  User:   | products_frontend | response 200
ERROR: [8] Constant SITE_ROOT already defined
Notice on line 3 in file /home/ubuntu/workspace/Framework/model/Conf.class.singleton.php
 | 27.10.2016 03:30:15  |  User:   | products_frontend | response 200
ERROR: [8] Constant MODEL_PATH already defined
Notice on line 4 in file /home/ubuntu/workspace/Framework/model/Conf.class.singleton.php
 | 27.10.2016 03:30:15  |  User:   | products_frontend | response 200
ERROR: [8] Constant SITE_ROOT already defined
Notice on line 3 in file /home/ubuntu/workspace/Framework/model/Conf.class.singleton.php
 | 27.10.2016 03:31:15  |  User:   | products_frontend | response 200
ERROR: [8] Constant MODEL_PATH already defined
Notice on line 4 in file /home/ubuntu/workspace/Framework/model/Conf.class.singleton.php
 | 27.10.2016 03:31:15  |  User:   | products_frontend | response 200
ERROR: [8] Constant SITE_ROOT already defined
Notice on line 3 in file /home/ubuntu/workspace/Framework/model/Conf.class.singleton.php
 | 27.10.2016 03:31:58  |  User:   | products_frontend | response 200
ERROR: [8] Constant MODEL_PATH already defined
Notice on line 4 in file /home/ubuntu/workspace/Framework/model/Conf.class.singleton.php
 | 27.10.2016 03:31:58  |  User:   | products_frontend | response 200
ERROR: [8] Constant SITE_ROOT already defined
Notice on line 3 in file /home/ubuntu/workspace/Framework/model/Conf.class.singleton.php
 | 27.10.2016 03:32:11  |  User:   | products_frontend | response 200
ERROR: [8] Constant MODEL_PATH already defined
Notice on line 4 in file /home/ubuntu/workspace/Framework/model/Conf.class.singleton.php
 | 27.10.2016 03:32:11  |  User:   | products_frontend | response 200
ERROR: [8] Constant SITE_ROOT already defined
Notice on line 3 in file /home/ubuntu/workspace/Framework/model/Conf.class.singleton.php
 | 27.10.2016 03:32:11  |  User:   | products_frontend | response 200
ERROR: [8] Constant MODEL_PATH already defined
Notice on line 4 in file /home/ubuntu/workspace/Framework/model/Conf.class.singleton.php
 | 27.10.2016 03:32:11  |  User:   | products_frontend | response 200
ERROR: [8] Constant SITE_ROOT already defined
Notice on line 3 in file /home/ubuntu/workspace/Framework/model/Conf.class.singleton.php
 | 27.10.2016 03:33:50  |  User:   | products_frontend | response 200
ERROR: [8] Constant MODEL_PATH already defined
Notice on line 4 in file /home/ubuntu/workspace/Framework/model/Conf.class.singleton.php
 | 27.10.2016 03:33:50  |  User:   | products_frontend | response 200
ERROR: [8] Constant SITE_ROOT already defined
Notice on line 3 in file /home/ubuntu/workspace/Framework/model/Conf.class.singleton.php
 | 27.10.2016 03:33:51  |  User:   | products_frontend | response 200
ERROR: [8] Constant MODEL_PATH already defined
Notice on line 4 in file /home/ubuntu/workspace/Framework/model/Conf.class.singleton.php
 | 27.10.2016 03:33:51  |  User:   | products_frontend | response 200
ERROR: [8] Constant SITE_ROOT already defined
Notice on line 3 in file /home/ubuntu/workspace/Framework/model/Conf.class.singleton.php
 | 27.10.2016 03:34:54  |  User:   | products_frontend | response 200
ERROR: [8] Constant MODEL_PATH already defined
Notice on line 4 in file /home/ubuntu/workspace/Framework/model/Conf.class.singleton.php
 | 27.10.2016 03:34:54  |  User:   | products_frontend | response 200
ERROR: [8] Constant SITE_ROOT already defined
Notice on line 3 in file /home/ubuntu/workspace/Framework/model/Conf.class.singleton.php
 | 27.10.2016 03:34:55  |  User:   | products_frontend | response 200
ERROR: [8] Constant MODEL_PATH already defined
Notice on line 4 in file /home/ubuntu/workspace/Framework/model/Conf.class.singleton.php
 | 27.10.2016 03:34:55  |  User:   | products_frontend | response 200
